{"/Users/rodster/Desktop/Programs/my/redux-practic/redux-starter/frontend/src/math.js": {"path":"/Users/rodster/Desktop/Programs/my/redux-practic/redux-starter/frontend/src/math.js","statementMap":{"0":{"start":{"line":1,"column":22},"end":{"line":1,"column":50}},"1":{"start":{"line":1,"column":34},"end":{"line":1,"column":50}}},"fnMap":{"0":{"name":"(anonymous_0)","decl":{"start":{"line":1,"column":22},"end":{"line":1,"column":23}},"loc":{"start":{"line":1,"column":34},"end":{"line":1,"column":50}},"line":1}},"branchMap":{},"s":{"0":1,"1":2},"f":{"0":2},"b":{},"_coverageSchema":"1a1c01bbd47fc00a2c39e90264f33305004495a9","hash":"a29c24e464bbbed094287d468227b9e864c2dce1"}
,"/Users/rodster/Desktop/Programs/my/redux-practic/redux-starter/frontend/src/store/api.js": {"path":"/Users/rodster/Desktop/Programs/my/redux-practic/redux-starter/frontend/src/store/api.js","statementMap":{"0":{"start":{"line":3,"column":28},"end":{"line":3,"column":57}},"1":{"start":{"line":4,"column":30},"end":{"line":4,"column":61}},"2":{"start":{"line":5,"column":29},"end":{"line":5,"column":59}}},"fnMap":{},"branchMap":{},"s":{"0":1,"1":1,"2":1},"f":{},"b":{},"_coverageSchema":"1a1c01bbd47fc00a2c39e90264f33305004495a9","hash":"266474fe9e37895ef851d0330f1062ea203ad88f"}
,"/Users/rodster/Desktop/Programs/my/redux-practic/redux-starter/frontend/src/store/bugs.js": {"path":"/Users/rodster/Desktop/Programs/my/redux-practic/redux-starter/frontend/src/store/bugs.js","statementMap":{"0":{"start":{"line":5,"column":14},"end":{"line":43,"column":2}},"1":{"start":{"line":14,"column":6},"end":{"line":14,"column":26}},"2":{"start":{"line":18,"column":6},"end":{"line":18,"column":27}},"3":{"start":{"line":22,"column":6},"end":{"line":22,"column":33}},"4":{"start":{"line":23,"column":6},"end":{"line":23,"column":27}},"5":{"start":{"line":24,"column":6},"end":{"line":24,"column":34}},"6":{"start":{"line":28,"column":6},"end":{"line":28,"column":37}},"7":{"start":{"line":32,"column":20},"end":{"line":32,"column":78}},"8":{"start":{"line":32,"column":49},"end":{"line":32,"column":77}},"9":{"start":{"line":33,"column":6},"end":{"line":33,"column":39}},"10":{"start":{"line":37,"column":36},"end":{"line":37,"column":50}},"11":{"start":{"line":38,"column":20},"end":{"line":38,"column":66}},"12":{"start":{"line":38,"column":49},"end":{"line":38,"column":65}},"13":{"start":{"line":40,"column":6},"end":{"line":40,"column":39}},"14":{"start":{"line":52,"column":4},"end":{"line":52,"column":17}},"15":{"start":{"line":57,"column":12},"end":{"line":57,"column":19}},"16":{"start":{"line":59,"column":24},"end":{"line":78,"column":1}},"17":{"start":{"line":59,"column":30},"end":{"line":78,"column":1}},"18":{"start":{"line":60,"column":24},"end":{"line":60,"column":48}},"19":{"start":{"line":62,"column":24},"end":{"line":62,"column":67}},"20":{"start":{"line":64,"column":2},"end":{"line":66,"column":3}},"21":{"start":{"line":65,"column":4},"end":{"line":65,"column":11}},"22":{"start":{"line":68,"column":2},"end":{"line":77,"column":4}},"23":{"start":{"line":82,"column":22},"end":{"line":88,"column":4}},"24":{"start":{"line":83,"column":2},"end":{"line":88,"column":4}},"25":{"start":{"line":90,"column":26},"end":{"line":96,"column":4}},"26":{"start":{"line":91,"column":2},"end":{"line":96,"column":4}},"27":{"start":{"line":98,"column":31},"end":{"line":104,"column":4}},"28":{"start":{"line":99,"column":2},"end":{"line":104,"column":4}},"29":{"start":{"line":112,"column":33},"end":{"line":115,"column":1}},"30":{"start":{"line":113,"column":13},"end":{"line":113,"column":32}},"31":{"start":{"line":114,"column":12},"end":{"line":114,"column":52}},"32":{"start":{"line":114,"column":38},"end":{"line":114,"column":51}},"33":{"start":{"line":118,"column":28},"end":{"line":122,"column":3}},"34":{"start":{"line":119,"column":2},"end":{"line":122,"column":3}},"35":{"start":{"line":120,"column":15},"end":{"line":120,"column":39}},"36":{"start":{"line":121,"column":14},"end":{"line":121,"column":62}},"37":{"start":{"line":121,"column":40},"end":{"line":121,"column":61}}},"fnMap":{"0":{"name":"(anonymous_0)","decl":{"start":{"line":13,"column":19},"end":{"line":13,"column":20}},"loc":{"start":{"line":13,"column":37},"end":{"line":15,"column":5}},"line":13},"1":{"name":"(anonymous_1)","decl":{"start":{"line":17,"column":23},"end":{"line":17,"column":24}},"loc":{"start":{"line":17,"column":41},"end":{"line":19,"column":5}},"line":17},"2":{"name":"(anonymous_2)","decl":{"start":{"line":21,"column":18},"end":{"line":21,"column":19}},"loc":{"start":{"line":21,"column":36},"end":{"line":25,"column":5}},"line":21},"3":{"name":"(anonymous_3)","decl":{"start":{"line":27,"column":14},"end":{"line":27,"column":15}},"loc":{"start":{"line":27,"column":32},"end":{"line":29,"column":5}},"line":27},"4":{"name":"(anonymous_4)","decl":{"start":{"line":31,"column":17},"end":{"line":31,"column":18}},"loc":{"start":{"line":31,"column":35},"end":{"line":34,"column":5}},"line":31},"5":{"name":"(anonymous_5)","decl":{"start":{"line":32,"column":40},"end":{"line":32,"column":41}},"loc":{"start":{"line":32,"column":49},"end":{"line":32,"column":77}},"line":32},"6":{"name":"(anonymous_6)","decl":{"start":{"line":36,"column":23},"end":{"line":36,"column":24}},"loc":{"start":{"line":36,"column":41},"end":{"line":41,"column":5}},"line":36},"7":{"name":"(anonymous_7)","decl":{"start":{"line":38,"column":40},"end":{"line":38,"column":41}},"loc":{"start":{"line":38,"column":49},"end":{"line":38,"column":65}},"line":38},"8":{"name":"(anonymous_8)","decl":{"start":{"line":59,"column":24},"end":{"line":59,"column":25}},"loc":{"start":{"line":59,"column":30},"end":{"line":78,"column":1}},"line":59},"9":{"name":"(anonymous_9)","decl":{"start":{"line":59,"column":30},"end":{"line":59,"column":31}},"loc":{"start":{"line":59,"column":54},"end":{"line":78,"column":1}},"line":59},"10":{"name":"(anonymous_10)","decl":{"start":{"line":82,"column":22},"end":{"line":82,"column":23}},"loc":{"start":{"line":83,"column":2},"end":{"line":88,"column":4}},"line":83},"11":{"name":"(anonymous_11)","decl":{"start":{"line":90,"column":26},"end":{"line":90,"column":27}},"loc":{"start":{"line":91,"column":2},"end":{"line":96,"column":4}},"line":91},"12":{"name":"(anonymous_12)","decl":{"start":{"line":98,"column":31},"end":{"line":98,"column":32}},"loc":{"start":{"line":99,"column":2},"end":{"line":104,"column":4}},"line":99},"13":{"name":"(anonymous_13)","decl":{"start":{"line":113,"column":2},"end":{"line":113,"column":3}},"loc":{"start":{"line":113,"column":13},"end":{"line":113,"column":32}},"line":113},"14":{"name":"(anonymous_14)","decl":{"start":{"line":114,"column":2},"end":{"line":114,"column":3}},"loc":{"start":{"line":114,"column":12},"end":{"line":114,"column":52}},"line":114},"15":{"name":"(anonymous_15)","decl":{"start":{"line":114,"column":29},"end":{"line":114,"column":30}},"loc":{"start":{"line":114,"column":38},"end":{"line":114,"column":51}},"line":114},"16":{"name":"(anonymous_16)","decl":{"start":{"line":118,"column":28},"end":{"line":118,"column":29}},"loc":{"start":{"line":119,"column":2},"end":{"line":122,"column":3}},"line":119},"17":{"name":"(anonymous_17)","decl":{"start":{"line":120,"column":4},"end":{"line":120,"column":5}},"loc":{"start":{"line":120,"column":15},"end":{"line":120,"column":39}},"line":120},"18":{"name":"(anonymous_18)","decl":{"start":{"line":121,"column":4},"end":{"line":121,"column":5}},"loc":{"start":{"line":121,"column":14},"end":{"line":121,"column":62}},"line":121},"19":{"name":"(anonymous_19)","decl":{"start":{"line":121,"column":31},"end":{"line":121,"column":32}},"loc":{"start":{"line":121,"column":40},"end":{"line":121,"column":61}},"line":121}},"branchMap":{"0":{"loc":{"start":{"line":64,"column":2},"end":{"line":66,"column":3}},"type":"if","locations":[{"start":{"line":64,"column":2},"end":{"line":66,"column":3}},{"start":{},"end":{}}],"line":64}},"s":{"0":1,"1":5,"2":2,"3":3,"4":3,"5":3,"6":3,"7":1,"8":1,"9":1,"10":0,"11":0,"12":0,"13":0,"14":1,"15":1,"16":1,"17":5,"18":5,"19":5,"20":5,"21":0,"22":5,"23":1,"24":4,"25":1,"26":2,"27":1,"28":0,"29":1,"30":1,"31":1,"32":3,"33":1,"34":0,"35":0,"36":0,"37":0},"f":{"0":5,"1":2,"2":3,"3":3,"4":1,"5":1,"6":0,"7":0,"8":5,"9":5,"10":4,"11":2,"12":0,"13":1,"14":1,"15":3,"16":0,"17":0,"18":0,"19":0},"b":{"0":[0,5]},"_coverageSchema":"1a1c01bbd47fc00a2c39e90264f33305004495a9","hash":"354c92a9b4605b08fc7d8afab2c62796eb794c07"}
,"/Users/rodster/Desktop/Programs/my/redux-practic/redux-starter/frontend/src/store/configureStore.js": {"path":"/Users/rodster/Desktop/Programs/my/redux-practic/redux-starter/frontend/src/store/configureStore.js","statementMap":{"0":{"start":{"line":11,"column":2},"end":{"line":19,"column":5}}},"fnMap":{"0":{"name":"(anonymous_0)","decl":{"start":{"line":10,"column":15},"end":{"line":10,"column":16}},"loc":{"start":{"line":10,"column":27},"end":{"line":20,"column":1}},"line":10}},"branchMap":{},"s":{"0":10},"f":{"0":10},"b":{},"_coverageSchema":"1a1c01bbd47fc00a2c39e90264f33305004495a9","hash":"2742e53773bb8770dadd5707c950f99c015e8e38"}
,"/Users/rodster/Desktop/Programs/my/redux-practic/redux-starter/frontend/src/store/entities.js": {"path":"/Users/rodster/Desktop/Programs/my/redux-practic/redux-starter/frontend/src/store/entities.js","statementMap":{},"fnMap":{},"branchMap":{},"s":{},"f":{},"b":{},"_coverageSchema":"1a1c01bbd47fc00a2c39e90264f33305004495a9","hash":"f3e134363bce914818f56a9fdc1b310876dbcd9f"}
,"/Users/rodster/Desktop/Programs/my/redux-practic/redux-starter/frontend/src/store/projects.js": {"path":"/Users/rodster/Desktop/Programs/my/redux-practic/redux-starter/frontend/src/store/projects.js","statementMap":{"0":{"start":{"line":2,"column":13},"end":{"line":2,"column":14}},"1":{"start":{"line":4,"column":14},"end":{"line":15,"column":2}},"2":{"start":{"line":9,"column":6},"end":{"line":12,"column":9}},"3":{"start":{"line":17,"column":32},"end":{"line":17,"column":45}}},"fnMap":{"0":{"name":"(anonymous_0)","decl":{"start":{"line":8,"column":18},"end":{"line":8,"column":19}},"loc":{"start":{"line":8,"column":40},"end":{"line":13,"column":5}},"line":8}},"branchMap":{},"s":{"0":1,"1":1,"2":0,"3":1},"f":{"0":0},"b":{},"_coverageSchema":"1a1c01bbd47fc00a2c39e90264f33305004495a9","hash":"39312d5bff0d1f0245870e34b5a5ea2e1ca303df"}
,"/Users/rodster/Desktop/Programs/my/redux-practic/redux-starter/frontend/src/store/reducer.js": {"path":"/Users/rodster/Desktop/Programs/my/redux-practic/redux-starter/frontend/src/store/reducer.js","statementMap":{},"fnMap":{},"branchMap":{},"s":{},"f":{},"b":{},"_coverageSchema":"1a1c01bbd47fc00a2c39e90264f33305004495a9","hash":"336b6a286c9945766bda43b2a8f036ed9850f5ff"}
,"/Users/rodster/Desktop/Programs/my/redux-practic/redux-starter/frontend/src/store/users.js": {"path":"/Users/rodster/Desktop/Programs/my/redux-practic/redux-starter/frontend/src/store/users.js","statementMap":{"0":{"start":{"line":2,"column":13},"end":{"line":2,"column":14}},"1":{"start":{"line":4,"column":14},"end":{"line":15,"column":2}},"2":{"start":{"line":9,"column":6},"end":{"line":12,"column":9}},"3":{"start":{"line":17,"column":30},"end":{"line":17,"column":43}}},"fnMap":{"0":{"name":"(anonymous_0)","decl":{"start":{"line":8,"column":16},"end":{"line":8,"column":17}},"loc":{"start":{"line":8,"column":35},"end":{"line":13,"column":5}},"line":8}},"branchMap":{},"s":{"0":1,"1":1,"2":0,"3":1},"f":{"0":0},"b":{},"_coverageSchema":"1a1c01bbd47fc00a2c39e90264f33305004495a9","hash":"9719c7c7252de3f38da7f727dc0b817a8782ed54"}
,"/Users/rodster/Desktop/Programs/my/redux-practic/redux-starter/frontend/src/store/middleware/api.js": {"path":"/Users/rodster/Desktop/Programs/my/redux-practic/redux-starter/frontend/src/store/middleware/api.js","statementMap":{"0":{"start":{"line":5,"column":2},"end":{"line":39,"column":3}},"1":{"start":{"line":6,"column":2},"end":{"line":39,"column":3}},"2":{"start":{"line":7,"column":2},"end":{"line":39,"column":3}},"3":{"start":{"line":8,"column":4},"end":{"line":8,"column":71}},"4":{"start":{"line":8,"column":51},"end":{"line":8,"column":71}},"5":{"start":{"line":10,"column":63},"end":{"line":10,"column":77}},"6":{"start":{"line":12,"column":4},"end":{"line":14,"column":5}},"7":{"start":{"line":13,"column":6},"end":{"line":13,"column":34}},"8":{"start":{"line":16,"column":4},"end":{"line":16,"column":17}},"9":{"start":{"line":18,"column":4},"end":{"line":38,"column":5}},"10":{"start":{"line":19,"column":23},"end":{"line":24,"column":8}},"11":{"start":{"line":26,"column":6},"end":{"line":26,"column":54}},"12":{"start":{"line":28,"column":6},"end":{"line":30,"column":7}},"13":{"start":{"line":29,"column":8},"end":{"line":29,"column":62}},"14":{"start":{"line":33,"column":6},"end":{"line":33,"column":53}},"15":{"start":{"line":35,"column":6},"end":{"line":37,"column":7}},"16":{"start":{"line":36,"column":8},"end":{"line":36,"column":60}}},"fnMap":{"0":{"name":"(anonymous_0)","decl":{"start":{"line":5,"column":2},"end":{"line":5,"column":3}},"loc":{"start":{"line":6,"column":2},"end":{"line":39,"column":3}},"line":6},"1":{"name":"(anonymous_1)","decl":{"start":{"line":6,"column":2},"end":{"line":6,"column":3}},"loc":{"start":{"line":7,"column":2},"end":{"line":39,"column":3}},"line":7},"2":{"name":"(anonymous_2)","decl":{"start":{"line":7,"column":2},"end":{"line":7,"column":3}},"loc":{"start":{"line":7,"column":20},"end":{"line":39,"column":3}},"line":7}},"branchMap":{"0":{"loc":{"start":{"line":8,"column":4},"end":{"line":8,"column":71}},"type":"if","locations":[{"start":{"line":8,"column":4},"end":{"line":8,"column":71}},{"start":{},"end":{}}],"line":8},"1":{"loc":{"start":{"line":12,"column":4},"end":{"line":14,"column":5}},"type":"if","locations":[{"start":{"line":12,"column":4},"end":{"line":14,"column":5}},{"start":{},"end":{}}],"line":12},"2":{"loc":{"start":{"line":28,"column":6},"end":{"line":30,"column":7}},"type":"if","locations":[{"start":{"line":28,"column":6},"end":{"line":30,"column":7}},{"start":{},"end":{}}],"line":28},"3":{"loc":{"start":{"line":35,"column":6},"end":{"line":37,"column":7}},"type":"if","locations":[{"start":{"line":35,"column":6},"end":{"line":37,"column":7}},{"start":{},"end":{}}],"line":35}},"s":{"0":1,"1":10,"2":10,"3":36,"4":25,"5":11,"6":11,"7":5,"8":11,"9":11,"10":11,"11":7,"12":7,"13":7,"14":4,"15":4,"16":2},"f":{"0":10,"1":10,"2":36},"b":{"0":[25,11],"1":[5,6],"2":[7,0],"3":[2,2]},"_coverageSchema":"1a1c01bbd47fc00a2c39e90264f33305004495a9","hash":"1852defbab8f553c9a948c52a207ba227568b96d"}
,"/Users/rodster/Desktop/Programs/my/redux-practic/redux-starter/frontend/src/store/middleware/logger.js": {"path":"/Users/rodster/Desktop/Programs/my/redux-practic/redux-starter/frontend/src/store/middleware/logger.js","statementMap":{"0":{"start":{"line":1,"column":15},"end":{"line":3,"column":1}},"1":{"start":{"line":1,"column":26},"end":{"line":3,"column":1}},"2":{"start":{"line":1,"column":37},"end":{"line":3,"column":1}},"3":{"start":{"line":1,"column":47},"end":{"line":3,"column":1}},"4":{"start":{"line":2,"column":2},"end":{"line":2,"column":22}}},"fnMap":{"0":{"name":"(anonymous_0)","decl":{"start":{"line":1,"column":15},"end":{"line":1,"column":16}},"loc":{"start":{"line":1,"column":26},"end":{"line":3,"column":1}},"line":1},"1":{"name":"(anonymous_1)","decl":{"start":{"line":1,"column":26},"end":{"line":1,"column":27}},"loc":{"start":{"line":1,"column":37},"end":{"line":3,"column":1}},"line":1},"2":{"name":"(anonymous_2)","decl":{"start":{"line":1,"column":37},"end":{"line":1,"column":38}},"loc":{"start":{"line":1,"column":47},"end":{"line":3,"column":1}},"line":1},"3":{"name":"(anonymous_3)","decl":{"start":{"line":1,"column":47},"end":{"line":1,"column":48}},"loc":{"start":{"line":1,"column":59},"end":{"line":3,"column":1}},"line":1}},"branchMap":{},"s":{"0":1,"1":10,"2":10,"3":10,"4":36},"f":{"0":10,"1":10,"2":10,"3":36},"b":{},"_coverageSchema":"1a1c01bbd47fc00a2c39e90264f33305004495a9","hash":"982573e18fa5d63c497f0a1e12bd1a32ff7d3ae0"}
,"/Users/rodster/Desktop/Programs/my/redux-practic/redux-starter/frontend/src/store/middleware/toast.js": {"path":"/Users/rodster/Desktop/Programs/my/redux-practic/redux-starter/frontend/src/store/middleware/toast.js","statementMap":{"0":{"start":{"line":1,"column":14},"end":{"line":7,"column":1}},"1":{"start":{"line":1,"column":25},"end":{"line":7,"column":1}},"2":{"start":{"line":1,"column":35},"end":{"line":7,"column":1}},"3":{"start":{"line":2,"column":2},"end":{"line":6,"column":3}},"4":{"start":{"line":3,"column":4},"end":{"line":3,"column":53}},"5":{"start":{"line":5,"column":4},"end":{"line":5,"column":24}}},"fnMap":{"0":{"name":"(anonymous_0)","decl":{"start":{"line":1,"column":14},"end":{"line":1,"column":15}},"loc":{"start":{"line":1,"column":25},"end":{"line":7,"column":1}},"line":1},"1":{"name":"(anonymous_1)","decl":{"start":{"line":1,"column":25},"end":{"line":1,"column":26}},"loc":{"start":{"line":1,"column":35},"end":{"line":7,"column":1}},"line":1},"2":{"name":"(anonymous_2)","decl":{"start":{"line":1,"column":35},"end":{"line":1,"column":36}},"loc":{"start":{"line":1,"column":47},"end":{"line":7,"column":1}},"line":1}},"branchMap":{"0":{"loc":{"start":{"line":2,"column":2},"end":{"line":6,"column":3}},"type":"if","locations":[{"start":{"line":2,"column":2},"end":{"line":6,"column":3}},{"start":{"line":4,"column":9},"end":{"line":6,"column":3}}],"line":2}},"s":{"0":1,"1":10,"2":10,"3":36,"4":0,"5":36},"f":{"0":10,"1":10,"2":36},"b":{"0":[0,36]},"_coverageSchema":"1a1c01bbd47fc00a2c39e90264f33305004495a9","hash":"e74b95991fcb8af9a49200271b0c16427659e52b"}
}
